16.88%  Assembly
8.47%   C#
7.89%   Objective-C
7.83%   ActionScript
7.06%   Java
6.42%   C++
5.07%   C
4.88%   Python
4.75%   Visual Basic
4.69%   Go
4.17%   Ruby
3.92%   D
3.72%   Fortran
2.82%   Perl
2.63%   Swift
1.86%   Shell
1.86%   PHP
1.80%   JavaScript
1.67%   Emacs Lisp
1.60%   PowerShell

ActionScript:
src/Hello.as

Java:
src/Hello.java

Assembly:
src/hello.asm

C:
src/hello.c

C++:
src/hello.cpp

C#:
src/hello.cs

D:
src/hello.d

Emacs Lisp:
src/hello.el

Fortran:
src/hello.f90

Go:
src/hello.go

JavaScript:
src/hello.js

Objective-C:
src/hello.m

PHP:
src/hello.php

Perl:
src/hello.pl

PowerShell:
src/hello.ps1

Python:
src/hello.py

Ruby:
src/hello.rb

Shell:
src/hello.sh

Swift:
src/hello.swift

Visual Basic:
src/hello.vb

